Performing C SOURCE FILE Test CMAKE_HAVE_LIBC_PTHREAD failed with the following output:
Change Dir: /home/alberto/Projects/07_GSaaS_Rust/03_TM_Decoder/target/debug/build/nng-sys-43ddbed0e36856bc/out/build/CMakeFiles/CMakeTmp

Run Build Command(s):/usr/bin/make cmTC_84e60/fast && /usr/bin/make -f CMakeFiles/cmTC_84e60.dir/build.make CMakeFiles/cmTC_84e60.dir/build
make[1]: Entering directory '/home/alberto/Projects/07_GSaaS_Rust/03_TM_Decoder/target/debug/build/nng-sys-43ddbed0e36856bc/out/build/CMakeFiles/CMakeTmp'
Building C object CMakeFiles/cmTC_84e60.dir/src.c.o
/usr/bin/cc   -ffunction-sections -fdata-sections -fPIC -m64 -Wall -Wextra -fno-omit-frame-pointer   -DCMAKE_HAVE_LIBC_PTHREAD   -o CMakeFiles/cmTC_84e60.dir/src.c.o   -c /home/alberto/Projects/07_GSaaS_Rust/03_TM_Decoder/target/debug/build/nng-sys-43ddbed0e36856bc/out/build/CMakeFiles/CMakeTmp/src.c
Linking C executable cmTC_84e60
/usr/bin/cmake -E cmake_link_script CMakeFiles/cmTC_84e60.dir/link.txt --verbose=1
/usr/bin/cc  -ffunction-sections -fdata-sections -fPIC -m64 -Wall -Wextra -fno-omit-frame-pointer   -DCMAKE_HAVE_LIBC_PTHREAD    -rdynamic CMakeFiles/cmTC_84e60.dir/src.c.o  -o cmTC_84e60 
/usr/bin/ld: CMakeFiles/cmTC_84e60.dir/src.c.o: in function `main':
src.c:(.text.main+0x34): undefined reference to `pthread_create'
/usr/bin/ld: src.c:(.text.main+0x40): undefined reference to `pthread_detach'
/usr/bin/ld: src.c:(.text.main+0x51): undefined reference to `pthread_join'
collect2: error: ld returned 1 exit status
make[1]: *** [CMakeFiles/cmTC_84e60.dir/build.make:87: cmTC_84e60] Error 1
make[1]: Leaving directory '/home/alberto/Projects/07_GSaaS_Rust/03_TM_Decoder/target/debug/build/nng-sys-43ddbed0e36856bc/out/build/CMakeFiles/CMakeTmp'
make: *** [Makefile:121: cmTC_84e60/fast] Error 2


Source file was:
#include <pthread.h>

void* test_func(void* data)
{
  return data;
}

int main(void)
{
  pthread_t thread;
  pthread_create(&thread, NULL, test_func, NULL);
  pthread_detach(thread);
  pthread_join(thread, NULL);
  pthread_atfork(NULL, NULL, NULL);
  pthread_exit(NULL);

  return 0;
}

Determining if the function pthread_create exists in the pthreads failed with the following output:
Change Dir: /home/alberto/Projects/07_GSaaS_Rust/03_TM_Decoder/target/debug/build/nng-sys-43ddbed0e36856bc/out/build/CMakeFiles/CMakeTmp

Run Build Command(s):/usr/bin/make cmTC_a6ac7/fast && /usr/bin/make -f CMakeFiles/cmTC_a6ac7.dir/build.make CMakeFiles/cmTC_a6ac7.dir/build
make[1]: Entering directory '/home/alberto/Projects/07_GSaaS_Rust/03_TM_Decoder/target/debug/build/nng-sys-43ddbed0e36856bc/out/build/CMakeFiles/CMakeTmp'
Building C object CMakeFiles/cmTC_a6ac7.dir/CheckFunctionExists.c.o
/usr/bin/cc   -ffunction-sections -fdata-sections -fPIC -m64 -Wall -Wextra -fno-omit-frame-pointer   -DCHECK_FUNCTION_EXISTS=pthread_create   -o CMakeFiles/cmTC_a6ac7.dir/CheckFunctionExists.c.o   -c /usr/share/cmake-3.16/Modules/CheckFunctionExists.c
Linking C executable cmTC_a6ac7
/usr/bin/cmake -E cmake_link_script CMakeFiles/cmTC_a6ac7.dir/link.txt --verbose=1
/usr/bin/cc  -ffunction-sections -fdata-sections -fPIC -m64 -Wall -Wextra -fno-omit-frame-pointer   -DCHECK_FUNCTION_EXISTS=pthread_create    -rdynamic CMakeFiles/cmTC_a6ac7.dir/CheckFunctionExists.c.o  -o cmTC_a6ac7  -lpthreads 
/usr/bin/ld: cannot find -lpthreads
collect2: error: ld returned 1 exit status
make[1]: *** [CMakeFiles/cmTC_a6ac7.dir/build.make:87: cmTC_a6ac7] Error 1
make[1]: Leaving directory '/home/alberto/Projects/07_GSaaS_Rust/03_TM_Decoder/target/debug/build/nng-sys-43ddbed0e36856bc/out/build/CMakeFiles/CMakeTmp'
make: *** [Makefile:121: cmTC_a6ac7/fast] Error 2



Determining if the function arc4random_buf exists failed with the following output:
Change Dir: /home/alberto/Projects/07_GSaaS_Rust/03_TM_Decoder/target/debug/build/nng-sys-43ddbed0e36856bc/out/build/CMakeFiles/CMakeTmp

Run Build Command(s):/usr/bin/make cmTC_59d9f/fast && /usr/bin/make -f CMakeFiles/cmTC_59d9f.dir/build.make CMakeFiles/cmTC_59d9f.dir/build
make[1]: Entering directory '/home/alberto/Projects/07_GSaaS_Rust/03_TM_Decoder/target/debug/build/nng-sys-43ddbed0e36856bc/out/build/CMakeFiles/CMakeTmp'
Building C object CMakeFiles/cmTC_59d9f.dir/CheckFunctionExists.c.o
/usr/bin/cc   -ffunction-sections -fdata-sections -fPIC -m64 -Wall -Wextra -fno-omit-frame-pointer   -DCHECK_FUNCTION_EXISTS=arc4random_buf   -o CMakeFiles/cmTC_59d9f.dir/CheckFunctionExists.c.o   -c /usr/share/cmake-3.16/Modules/CheckFunctionExists.c
Linking C executable cmTC_59d9f
/usr/bin/cmake -E cmake_link_script CMakeFiles/cmTC_59d9f.dir/link.txt --verbose=1
/usr/bin/cc  -ffunction-sections -fdata-sections -fPIC -m64 -Wall -Wextra -fno-omit-frame-pointer   -DCHECK_FUNCTION_EXISTS=arc4random_buf    -rdynamic CMakeFiles/cmTC_59d9f.dir/CheckFunctionExists.c.o  -o cmTC_59d9f 
/usr/bin/ld: CMakeFiles/cmTC_59d9f.dir/CheckFunctionExists.c.o: in function `main':
CheckFunctionExists.c:(.text.main+0x14): undefined reference to `arc4random_buf'
collect2: error: ld returned 1 exit status
make[1]: *** [CMakeFiles/cmTC_59d9f.dir/build.make:87: cmTC_59d9f] Error 1
make[1]: Leaving directory '/home/alberto/Projects/07_GSaaS_Rust/03_TM_Decoder/target/debug/build/nng-sys-43ddbed0e36856bc/out/build/CMakeFiles/CMakeTmp'
make: *** [Makefile:121: cmTC_59d9f/fast] Error 2



Determining if the function socket exists in the socket failed with the following output:
Change Dir: /home/alberto/Projects/07_GSaaS_Rust/03_TM_Decoder/target/debug/build/nng-sys-43ddbed0e36856bc/out/build/CMakeFiles/CMakeTmp

Run Build Command(s):/usr/bin/make cmTC_1d7fa/fast && /usr/bin/make -f CMakeFiles/cmTC_1d7fa.dir/build.make CMakeFiles/cmTC_1d7fa.dir/build
make[1]: Entering directory '/home/alberto/Projects/07_GSaaS_Rust/03_TM_Decoder/target/debug/build/nng-sys-43ddbed0e36856bc/out/build/CMakeFiles/CMakeTmp'
Building C object CMakeFiles/cmTC_1d7fa.dir/CheckFunctionExists.c.o
/usr/bin/cc   -ffunction-sections -fdata-sections -fPIC -m64 -Wall -Wextra -fno-omit-frame-pointer   -DCHECK_FUNCTION_EXISTS=socket   -o CMakeFiles/cmTC_1d7fa.dir/CheckFunctionExists.c.o   -c /usr/share/cmake-3.16/Modules/CheckFunctionExists.c
Linking C executable cmTC_1d7fa
/usr/bin/cmake -E cmake_link_script CMakeFiles/cmTC_1d7fa.dir/link.txt --verbose=1
/usr/bin/cc  -ffunction-sections -fdata-sections -fPIC -m64 -Wall -Wextra -fno-omit-frame-pointer   -DCHECK_FUNCTION_EXISTS=socket    -rdynamic CMakeFiles/cmTC_1d7fa.dir/CheckFunctionExists.c.o  -o cmTC_1d7fa  -lsocket 
/usr/bin/ld: cannot find -lsocket
collect2: error: ld returned 1 exit status
make[1]: *** [CMakeFiles/cmTC_1d7fa.dir/build.make:87: cmTC_1d7fa] Error 1
make[1]: Leaving directory '/home/alberto/Projects/07_GSaaS_Rust/03_TM_Decoder/target/debug/build/nng-sys-43ddbed0e36856bc/out/build/CMakeFiles/CMakeTmp'
make: *** [Makefile:121: cmTC_1d7fa/fast] Error 2



Determining if the kqueue exist failed with the following output:
Change Dir: /home/alberto/Projects/07_GSaaS_Rust/03_TM_Decoder/target/debug/build/nng-sys-43ddbed0e36856bc/out/build/CMakeFiles/CMakeTmp

Run Build Command(s):/usr/bin/make cmTC_d45e5/fast && /usr/bin/make -f CMakeFiles/cmTC_d45e5.dir/build.make CMakeFiles/cmTC_d45e5.dir/build
make[1]: Entering directory '/home/alberto/Projects/07_GSaaS_Rust/03_TM_Decoder/target/debug/build/nng-sys-43ddbed0e36856bc/out/build/CMakeFiles/CMakeTmp'
Building C object CMakeFiles/cmTC_d45e5.dir/CheckSymbolExists.c.o
/usr/bin/cc   -ffunction-sections -fdata-sections -fPIC -m64 -Wall -Wextra -fno-omit-frame-pointer      -o CMakeFiles/cmTC_d45e5.dir/CheckSymbolExists.c.o   -c /home/alberto/Projects/07_GSaaS_Rust/03_TM_Decoder/target/debug/build/nng-sys-43ddbed0e36856bc/out/build/CMakeFiles/CMakeTmp/CheckSymbolExists.c
/home/alberto/Projects/07_GSaaS_Rust/03_TM_Decoder/target/debug/build/nng-sys-43ddbed0e36856bc/out/build/CMakeFiles/CMakeTmp/CheckSymbolExists.c:2:10: fatal error: sys/event.h: No such file or directory
    2 | #include <sys/event.h>
      |          ^~~~~~~~~~~~~
compilation terminated.
make[1]: *** [CMakeFiles/cmTC_d45e5.dir/build.make:66: CMakeFiles/cmTC_d45e5.dir/CheckSymbolExists.c.o] Error 1
make[1]: Leaving directory '/home/alberto/Projects/07_GSaaS_Rust/03_TM_Decoder/target/debug/build/nng-sys-43ddbed0e36856bc/out/build/CMakeFiles/CMakeTmp'
make: *** [Makefile:121: cmTC_d45e5/fast] Error 2


File /home/alberto/Projects/07_GSaaS_Rust/03_TM_Decoder/target/debug/build/nng-sys-43ddbed0e36856bc/out/build/CMakeFiles/CMakeTmp/CheckSymbolExists.c:
/* */
#include <sys/event.h>

int main(int argc, char** argv)
{
  (void)argv;
#ifndef kqueue
  return ((int*)(&kqueue))[argc];
#else
  (void)argc;
  return 0;
#endif
}
Determining if the port_create exist failed with the following output:
Change Dir: /home/alberto/Projects/07_GSaaS_Rust/03_TM_Decoder/target/debug/build/nng-sys-43ddbed0e36856bc/out/build/CMakeFiles/CMakeTmp

Run Build Command(s):/usr/bin/make cmTC_96f69/fast && /usr/bin/make -f CMakeFiles/cmTC_96f69.dir/build.make CMakeFiles/cmTC_96f69.dir/build
make[1]: Entering directory '/home/alberto/Projects/07_GSaaS_Rust/03_TM_Decoder/target/debug/build/nng-sys-43ddbed0e36856bc/out/build/CMakeFiles/CMakeTmp'
Building C object CMakeFiles/cmTC_96f69.dir/CheckSymbolExists.c.o
/usr/bin/cc   -ffunction-sections -fdata-sections -fPIC -m64 -Wall -Wextra -fno-omit-frame-pointer      -o CMakeFiles/cmTC_96f69.dir/CheckSymbolExists.c.o   -c /home/alberto/Projects/07_GSaaS_Rust/03_TM_Decoder/target/debug/build/nng-sys-43ddbed0e36856bc/out/build/CMakeFiles/CMakeTmp/CheckSymbolExists.c
/home/alberto/Projects/07_GSaaS_Rust/03_TM_Decoder/target/debug/build/nng-sys-43ddbed0e36856bc/out/build/CMakeFiles/CMakeTmp/CheckSymbolExists.c:2:10: fatal error: port.h: No such file or directory
    2 | #include <port.h>
      |          ^~~~~~~~
compilation terminated.
make[1]: *** [CMakeFiles/cmTC_96f69.dir/build.make:66: CMakeFiles/cmTC_96f69.dir/CheckSymbolExists.c.o] Error 1
make[1]: Leaving directory '/home/alberto/Projects/07_GSaaS_Rust/03_TM_Decoder/target/debug/build/nng-sys-43ddbed0e36856bc/out/build/CMakeFiles/CMakeTmp'
make: *** [Makefile:121: cmTC_96f69/fast] Error 2


File /home/alberto/Projects/07_GSaaS_Rust/03_TM_Decoder/target/debug/build/nng-sys-43ddbed0e36856bc/out/build/CMakeFiles/CMakeTmp/CheckSymbolExists.c:
/* */
#include <port.h>

int main(int argc, char** argv)
{
  (void)argv;
#ifndef port_create
  return ((int*)(&port_create))[argc];
#else
  (void)argc;
  return 0;
#endif
}
Determining if the getpeereid exist failed with the following output:
Change Dir: /home/alberto/Projects/07_GSaaS_Rust/03_TM_Decoder/target/debug/build/nng-sys-43ddbed0e36856bc/out/build/CMakeFiles/CMakeTmp

Run Build Command(s):/usr/bin/make cmTC_13bc9/fast && /usr/bin/make -f CMakeFiles/cmTC_13bc9.dir/build.make CMakeFiles/cmTC_13bc9.dir/build
make[1]: Entering directory '/home/alberto/Projects/07_GSaaS_Rust/03_TM_Decoder/target/debug/build/nng-sys-43ddbed0e36856bc/out/build/CMakeFiles/CMakeTmp'
Building C object CMakeFiles/cmTC_13bc9.dir/CheckSymbolExists.c.o
/usr/bin/cc   -ffunction-sections -fdata-sections -fPIC -m64 -Wall -Wextra -fno-omit-frame-pointer      -o CMakeFiles/cmTC_13bc9.dir/CheckSymbolExists.c.o   -c /home/alberto/Projects/07_GSaaS_Rust/03_TM_Decoder/target/debug/build/nng-sys-43ddbed0e36856bc/out/build/CMakeFiles/CMakeTmp/CheckSymbolExists.c
/home/alberto/Projects/07_GSaaS_Rust/03_TM_Decoder/target/debug/build/nng-sys-43ddbed0e36856bc/out/build/CMakeFiles/CMakeTmp/CheckSymbolExists.c: In function ‘main’:
/home/alberto/Projects/07_GSaaS_Rust/03_TM_Decoder/target/debug/build/nng-sys-43ddbed0e36856bc/out/build/CMakeFiles/CMakeTmp/CheckSymbolExists.c:8:19: error: ‘getpeereid’ undeclared (first use in this function); did you mean ‘getegid’?
    8 |   return ((int*)(&getpeereid))[argc];
      |                   ^~~~~~~~~~
      |                   getegid
/home/alberto/Projects/07_GSaaS_Rust/03_TM_Decoder/target/debug/build/nng-sys-43ddbed0e36856bc/out/build/CMakeFiles/CMakeTmp/CheckSymbolExists.c:8:19: note: each undeclared identifier is reported only once for each function it appears in
/home/alberto/Projects/07_GSaaS_Rust/03_TM_Decoder/target/debug/build/nng-sys-43ddbed0e36856bc/out/build/CMakeFiles/CMakeTmp/CheckSymbolExists.c:4:14: warning: parameter ‘argc’ set but not used [-Wunused-but-set-parameter]
    4 | int main(int argc, char** argv)
      |          ~~~~^~~~
make[1]: *** [CMakeFiles/cmTC_13bc9.dir/build.make:66: CMakeFiles/cmTC_13bc9.dir/CheckSymbolExists.c.o] Error 1
make[1]: Leaving directory '/home/alberto/Projects/07_GSaaS_Rust/03_TM_Decoder/target/debug/build/nng-sys-43ddbed0e36856bc/out/build/CMakeFiles/CMakeTmp'
make: *** [Makefile:121: cmTC_13bc9/fast] Error 2


File /home/alberto/Projects/07_GSaaS_Rust/03_TM_Decoder/target/debug/build/nng-sys-43ddbed0e36856bc/out/build/CMakeFiles/CMakeTmp/CheckSymbolExists.c:
/* */
#include <unistd.h>

int main(int argc, char** argv)
{
  (void)argv;
#ifndef getpeereid
  return ((int*)(&getpeereid))[argc];
#else
  (void)argc;
  return 0;
#endif
}
Performing C SOURCE FILE Test NNG_HAVE_SOCKPEERCRED failed with the following output:
Change Dir: /home/alberto/Projects/07_GSaaS_Rust/03_TM_Decoder/target/debug/build/nng-sys-43ddbed0e36856bc/out/build/CMakeFiles/CMakeTmp

Run Build Command(s):/usr/bin/make cmTC_96aa7/fast && /usr/bin/make -f CMakeFiles/cmTC_96aa7.dir/build.make CMakeFiles/cmTC_96aa7.dir/build
make[1]: Entering directory '/home/alberto/Projects/07_GSaaS_Rust/03_TM_Decoder/target/debug/build/nng-sys-43ddbed0e36856bc/out/build/CMakeFiles/CMakeTmp'
Building C object CMakeFiles/cmTC_96aa7.dir/src.c.o
/usr/bin/cc   -ffunction-sections -fdata-sections -fPIC -m64 -Wall -Wextra -fno-omit-frame-pointer   -DNNG_HAVE_SOCKPEERCRED   -o CMakeFiles/cmTC_96aa7.dir/src.c.o   -c /home/alberto/Projects/07_GSaaS_Rust/03_TM_Decoder/target/debug/build/nng-sys-43ddbed0e36856bc/out/build/CMakeFiles/CMakeTmp/src.c
/home/alberto/Projects/07_GSaaS_Rust/03_TM_Decoder/target/debug/build/nng-sys-43ddbed0e36856bc/out/build/CMakeFiles/CMakeTmp/src.c: In function ‘main’:
/home/alberto/Projects/07_GSaaS_Rust/03_TM_Decoder/target/debug/build/nng-sys-43ddbed0e36856bc/out/build/CMakeFiles/CMakeTmp/src.c:6:42: error: dereferencing pointer to incomplete type ‘struct sockpeercred’
    6 |   (void)sizeof(((struct sockpeercred *)0)->uid);
      |                                          ^~
make[1]: *** [CMakeFiles/cmTC_96aa7.dir/build.make:66: CMakeFiles/cmTC_96aa7.dir/src.c.o] Error 1
make[1]: Leaving directory '/home/alberto/Projects/07_GSaaS_Rust/03_TM_Decoder/target/debug/build/nng-sys-43ddbed0e36856bc/out/build/CMakeFiles/CMakeTmp'
make: *** [Makefile:121: cmTC_96aa7/fast] Error 2


Source file was:

#include <sys/socket.h>

int main()
{
  (void)sizeof(((struct sockpeercred *)0)->uid);
  return 0;
}

Determining if the LOCAL_PEERCRED exist failed with the following output:
Change Dir: /home/alberto/Projects/07_GSaaS_Rust/03_TM_Decoder/target/debug/build/nng-sys-43ddbed0e36856bc/out/build/CMakeFiles/CMakeTmp

Run Build Command(s):/usr/bin/make cmTC_9098a/fast && /usr/bin/make -f CMakeFiles/cmTC_9098a.dir/build.make CMakeFiles/cmTC_9098a.dir/build
make[1]: Entering directory '/home/alberto/Projects/07_GSaaS_Rust/03_TM_Decoder/target/debug/build/nng-sys-43ddbed0e36856bc/out/build/CMakeFiles/CMakeTmp'
Building C object CMakeFiles/cmTC_9098a.dir/CheckSymbolExists.c.o
/usr/bin/cc   -ffunction-sections -fdata-sections -fPIC -m64 -Wall -Wextra -fno-omit-frame-pointer      -o CMakeFiles/cmTC_9098a.dir/CheckSymbolExists.c.o   -c /home/alberto/Projects/07_GSaaS_Rust/03_TM_Decoder/target/debug/build/nng-sys-43ddbed0e36856bc/out/build/CMakeFiles/CMakeTmp/CheckSymbolExists.c
/home/alberto/Projects/07_GSaaS_Rust/03_TM_Decoder/target/debug/build/nng-sys-43ddbed0e36856bc/out/build/CMakeFiles/CMakeTmp/CheckSymbolExists.c: In function ‘main’:
/home/alberto/Projects/07_GSaaS_Rust/03_TM_Decoder/target/debug/build/nng-sys-43ddbed0e36856bc/out/build/CMakeFiles/CMakeTmp/CheckSymbolExists.c:8:19: error: ‘LOCAL_PEERCRED’ undeclared (first use in this function)
    8 |   return ((int*)(&LOCAL_PEERCRED))[argc];
      |                   ^~~~~~~~~~~~~~
/home/alberto/Projects/07_GSaaS_Rust/03_TM_Decoder/target/debug/build/nng-sys-43ddbed0e36856bc/out/build/CMakeFiles/CMakeTmp/CheckSymbolExists.c:8:19: note: each undeclared identifier is reported only once for each function it appears in
/home/alberto/Projects/07_GSaaS_Rust/03_TM_Decoder/target/debug/build/nng-sys-43ddbed0e36856bc/out/build/CMakeFiles/CMakeTmp/CheckSymbolExists.c:4:14: warning: parameter ‘argc’ set but not used [-Wunused-but-set-parameter]
    4 | int main(int argc, char** argv)
      |          ~~~~^~~~
make[1]: *** [CMakeFiles/cmTC_9098a.dir/build.make:66: CMakeFiles/cmTC_9098a.dir/CheckSymbolExists.c.o] Error 1
make[1]: Leaving directory '/home/alberto/Projects/07_GSaaS_Rust/03_TM_Decoder/target/debug/build/nng-sys-43ddbed0e36856bc/out/build/CMakeFiles/CMakeTmp'
make: *** [Makefile:121: cmTC_9098a/fast] Error 2


File /home/alberto/Projects/07_GSaaS_Rust/03_TM_Decoder/target/debug/build/nng-sys-43ddbed0e36856bc/out/build/CMakeFiles/CMakeTmp/CheckSymbolExists.c:
/* */
#include <sys/un.h>

int main(int argc, char** argv)
{
  (void)argv;
#ifndef LOCAL_PEERCRED
  return ((int*)(&LOCAL_PEERCRED))[argc];
#else
  (void)argc;
  return 0;
#endif
}
Determining if the getpeerucred exist failed with the following output:
Change Dir: /home/alberto/Projects/07_GSaaS_Rust/03_TM_Decoder/target/debug/build/nng-sys-43ddbed0e36856bc/out/build/CMakeFiles/CMakeTmp

Run Build Command(s):/usr/bin/make cmTC_e55dc/fast && /usr/bin/make -f CMakeFiles/cmTC_e55dc.dir/build.make CMakeFiles/cmTC_e55dc.dir/build
make[1]: Entering directory '/home/alberto/Projects/07_GSaaS_Rust/03_TM_Decoder/target/debug/build/nng-sys-43ddbed0e36856bc/out/build/CMakeFiles/CMakeTmp'
Building C object CMakeFiles/cmTC_e55dc.dir/CheckSymbolExists.c.o
/usr/bin/cc   -ffunction-sections -fdata-sections -fPIC -m64 -Wall -Wextra -fno-omit-frame-pointer      -o CMakeFiles/cmTC_e55dc.dir/CheckSymbolExists.c.o   -c /home/alberto/Projects/07_GSaaS_Rust/03_TM_Decoder/target/debug/build/nng-sys-43ddbed0e36856bc/out/build/CMakeFiles/CMakeTmp/CheckSymbolExists.c
/home/alberto/Projects/07_GSaaS_Rust/03_TM_Decoder/target/debug/build/nng-sys-43ddbed0e36856bc/out/build/CMakeFiles/CMakeTmp/CheckSymbolExists.c:2:10: fatal error: ucred.h: No such file or directory
    2 | #include <ucred.h>
      |          ^~~~~~~~~
compilation terminated.
make[1]: *** [CMakeFiles/cmTC_e55dc.dir/build.make:66: CMakeFiles/cmTC_e55dc.dir/CheckSymbolExists.c.o] Error 1
make[1]: Leaving directory '/home/alberto/Projects/07_GSaaS_Rust/03_TM_Decoder/target/debug/build/nng-sys-43ddbed0e36856bc/out/build/CMakeFiles/CMakeTmp'
make: *** [Makefile:121: cmTC_e55dc/fast] Error 2


File /home/alberto/Projects/07_GSaaS_Rust/03_TM_Decoder/target/debug/build/nng-sys-43ddbed0e36856bc/out/build/CMakeFiles/CMakeTmp/CheckSymbolExists.c:
/* */
#include <ucred.h>

int main(int argc, char** argv)
{
  (void)argv;
#ifndef getpeerucred
  return ((int*)(&getpeerucred))[argc];
#else
  (void)argc;
  return 0;
#endif
}
Determining if the strlcat exist failed with the following output:
Change Dir: /home/alberto/Projects/07_GSaaS_Rust/03_TM_Decoder/target/debug/build/nng-sys-43ddbed0e36856bc/out/build/CMakeFiles/CMakeTmp

Run Build Command(s):/usr/bin/make cmTC_316a1/fast && /usr/bin/make -f CMakeFiles/cmTC_316a1.dir/build.make CMakeFiles/cmTC_316a1.dir/build
make[1]: Entering directory '/home/alberto/Projects/07_GSaaS_Rust/03_TM_Decoder/target/debug/build/nng-sys-43ddbed0e36856bc/out/build/CMakeFiles/CMakeTmp'
Building C object CMakeFiles/cmTC_316a1.dir/CheckSymbolExists.c.o
/usr/bin/cc   -ffunction-sections -fdata-sections -fPIC -m64 -Wall -Wextra -fno-omit-frame-pointer      -o CMakeFiles/cmTC_316a1.dir/CheckSymbolExists.c.o   -c /home/alberto/Projects/07_GSaaS_Rust/03_TM_Decoder/target/debug/build/nng-sys-43ddbed0e36856bc/out/build/CMakeFiles/CMakeTmp/CheckSymbolExists.c
/home/alberto/Projects/07_GSaaS_Rust/03_TM_Decoder/target/debug/build/nng-sys-43ddbed0e36856bc/out/build/CMakeFiles/CMakeTmp/CheckSymbolExists.c: In function ‘main’:
/home/alberto/Projects/07_GSaaS_Rust/03_TM_Decoder/target/debug/build/nng-sys-43ddbed0e36856bc/out/build/CMakeFiles/CMakeTmp/CheckSymbolExists.c:8:19: error: ‘strlcat’ undeclared (first use in this function); did you mean ‘strncat’?
    8 |   return ((int*)(&strlcat))[argc];
      |                   ^~~~~~~
      |                   strncat
/home/alberto/Projects/07_GSaaS_Rust/03_TM_Decoder/target/debug/build/nng-sys-43ddbed0e36856bc/out/build/CMakeFiles/CMakeTmp/CheckSymbolExists.c:8:19: note: each undeclared identifier is reported only once for each function it appears in
/home/alberto/Projects/07_GSaaS_Rust/03_TM_Decoder/target/debug/build/nng-sys-43ddbed0e36856bc/out/build/CMakeFiles/CMakeTmp/CheckSymbolExists.c:4:14: warning: parameter ‘argc’ set but not used [-Wunused-but-set-parameter]
    4 | int main(int argc, char** argv)
      |          ~~~~^~~~
make[1]: *** [CMakeFiles/cmTC_316a1.dir/build.make:66: CMakeFiles/cmTC_316a1.dir/CheckSymbolExists.c.o] Error 1
make[1]: Leaving directory '/home/alberto/Projects/07_GSaaS_Rust/03_TM_Decoder/target/debug/build/nng-sys-43ddbed0e36856bc/out/build/CMakeFiles/CMakeTmp'
make: *** [Makefile:121: cmTC_316a1/fast] Error 2


File /home/alberto/Projects/07_GSaaS_Rust/03_TM_Decoder/target/debug/build/nng-sys-43ddbed0e36856bc/out/build/CMakeFiles/CMakeTmp/CheckSymbolExists.c:
/* */
#include <string.h>

int main(int argc, char** argv)
{
  (void)argv;
#ifndef strlcat
  return ((int*)(&strlcat))[argc];
#else
  (void)argc;
  return 0;
#endif
}
Determining if the strlcpy exist failed with the following output:
Change Dir: /home/alberto/Projects/07_GSaaS_Rust/03_TM_Decoder/target/debug/build/nng-sys-43ddbed0e36856bc/out/build/CMakeFiles/CMakeTmp

Run Build Command(s):/usr/bin/make cmTC_97cf9/fast && /usr/bin/make -f CMakeFiles/cmTC_97cf9.dir/build.make CMakeFiles/cmTC_97cf9.dir/build
make[1]: Entering directory '/home/alberto/Projects/07_GSaaS_Rust/03_TM_Decoder/target/debug/build/nng-sys-43ddbed0e36856bc/out/build/CMakeFiles/CMakeTmp'
Building C object CMakeFiles/cmTC_97cf9.dir/CheckSymbolExists.c.o
/usr/bin/cc   -ffunction-sections -fdata-sections -fPIC -m64 -Wall -Wextra -fno-omit-frame-pointer      -o CMakeFiles/cmTC_97cf9.dir/CheckSymbolExists.c.o   -c /home/alberto/Projects/07_GSaaS_Rust/03_TM_Decoder/target/debug/build/nng-sys-43ddbed0e36856bc/out/build/CMakeFiles/CMakeTmp/CheckSymbolExists.c
/home/alberto/Projects/07_GSaaS_Rust/03_TM_Decoder/target/debug/build/nng-sys-43ddbed0e36856bc/out/build/CMakeFiles/CMakeTmp/CheckSymbolExists.c: In function ‘main’:
/home/alberto/Projects/07_GSaaS_Rust/03_TM_Decoder/target/debug/build/nng-sys-43ddbed0e36856bc/out/build/CMakeFiles/CMakeTmp/CheckSymbolExists.c:8:19: error: ‘strlcpy’ undeclared (first use in this function); did you mean ‘strncpy’?
    8 |   return ((int*)(&strlcpy))[argc];
      |                   ^~~~~~~
      |                   strncpy
/home/alberto/Projects/07_GSaaS_Rust/03_TM_Decoder/target/debug/build/nng-sys-43ddbed0e36856bc/out/build/CMakeFiles/CMakeTmp/CheckSymbolExists.c:8:19: note: each undeclared identifier is reported only once for each function it appears in
/home/alberto/Projects/07_GSaaS_Rust/03_TM_Decoder/target/debug/build/nng-sys-43ddbed0e36856bc/out/build/CMakeFiles/CMakeTmp/CheckSymbolExists.c:4:14: warning: parameter ‘argc’ set but not used [-Wunused-but-set-parameter]
    4 | int main(int argc, char** argv)
      |          ~~~~^~~~
make[1]: *** [CMakeFiles/cmTC_97cf9.dir/build.make:66: CMakeFiles/cmTC_97cf9.dir/CheckSymbolExists.c.o] Error 1
make[1]: Leaving directory '/home/alberto/Projects/07_GSaaS_Rust/03_TM_Decoder/target/debug/build/nng-sys-43ddbed0e36856bc/out/build/CMakeFiles/CMakeTmp'
make: *** [Makefile:121: cmTC_97cf9/fast] Error 2


File /home/alberto/Projects/07_GSaaS_Rust/03_TM_Decoder/target/debug/build/nng-sys-43ddbed0e36856bc/out/build/CMakeFiles/CMakeTmp/CheckSymbolExists.c:
/* */
#include <string.h>

int main(int argc, char** argv)
{
  (void)argv;
#ifndef strlcpy
  return ((int*)(&strlcpy))[argc];
#else
  (void)argc;
  return 0;
#endif
}
